-------------------------------------------------------------------------------
Test set: org.kie.smoke.kie.drools.wb.tomcat.TomcatKieDroolsWbSmokeIntegrationTest
-------------------------------------------------------------------------------
Tests run: 1, Failures: 0, Errors: 1, Skipped: 0, Time elapsed: 2.366 sec <<< FAILURE! - in org.kie.smoke.kie.drools.wb.tomcat.TomcatKieDroolsWbSmokeIntegrationTest
org.kie.smoke.kie.drools.wb.tomcat.TomcatKieDroolsWbSmokeIntegrationTest  Time elapsed: 2.366 sec  <<< ERROR!
java.lang.RuntimeException: Could not invoke deployment method: public static org.jboss.shrinkwrap.api.Archive org.kie.smoke.kie.drools.wb.tomcat.TomcatKieDroolsWbSmokeIntegrationTest.createWar()
	at org.apache.maven.model.building.DefaultModelBuilder.readParentExternally(DefaultModelBuilder.java:903)
	at org.apache.maven.model.building.DefaultModelBuilder.readParent(DefaultModelBuilder.java:755)
	at org.apache.maven.model.building.DefaultModelBuilder.build(DefaultModelBuilder.java:309)
	at org.jboss.shrinkwrap.resolver.impl.maven.MavenWorkingSessionImpl.loadPomFromFile(MavenWorkingSessionImpl.java:172)
	at org.jboss.shrinkwrap.resolver.impl.maven.task.LoadPomTask.execute(LoadPomTask.java:84)
	at org.jboss.shrinkwrap.resolver.impl.maven.PomlessResolveStageBaseImpl.loadPomFromFile(PomlessResolveStageBaseImpl.java:96)
	at org.jboss.shrinkwrap.resolver.impl.maven.MavenResolverSystemBaseImpl.loadPomFromFile(MavenResolverSystemBaseImpl.java:174)
	at org.kie.smoke.tests.util.DeployUtil.getWebArchive(DeployUtil.java:17)
	at org.kie.smoke.kie.drools.wb.tomcat.TomcatKieDroolsWbSmokeIntegrationTest.createWar(TomcatKieDroolsWbSmokeIntegrationTest.java:38)

