-------------------------------------------------------------------------------
Test set: org.drools.karaf.itest.DroolsOnCommandCamelKarafTest
-------------------------------------------------------------------------------
Tests run: 1, Failures: 0, Errors: 1, Skipped: 0, Time elapsed: 180.738 sec <<< FAILURE! - in org.drools.karaf.itest.DroolsOnCommandCamelKarafTest
testRuleOnCommand:org.drools.karaf.itest.DroolsOnCommandCamelKarafTest.testRuleOnCommand:KarafTestContainer{mvn:org.apache.karaf/apache-karaf/2.3.0/tar.gz}(org.drools.karaf.itest.DroolsOnCommandCamelKarafTest)  Time elapsed: 180.422 sec  <<< ERROR!
java.rmi.NotBoundException: 0c57782c-5df3-433e-96f7-2cff6955ac04
	at sun.rmi.registry.RegistryImpl.lookup(RegistryImpl.java:114)
	at sun.rmi.registry.RegistryImpl_Skel.dispatch(Unknown Source)
	at sun.rmi.server.UnicastServerRef.oldDispatch(UnicastServerRef.java:390)
	at sun.rmi.server.UnicastServerRef.dispatch(UnicastServerRef.java:248)
	at sun.rmi.transport.Transport$1.run(Transport.java:159)
	at java.security.AccessController.doPrivileged(Native Method)
	at sun.rmi.transport.Transport.serviceCall(Transport.java:155)
	at sun.rmi.transport.tcp.TCPTransport.handleMessages(TCPTransport.java:535)
	at sun.rmi.transport.tcp.TCPTransport$ConnectionHandler.run0(TCPTransport.java:790)
	at sun.rmi.transport.tcp.TCPTransport$ConnectionHandler.run(TCPTransport.java:649)
	at java.util.concurrent.ThreadPoolExecutor$Worker.runTask(ThreadPoolExecutor.java:895)
	at java.util.concurrent.ThreadPoolExecutor$Worker.run(ThreadPoolExecutor.java:918)
	at java.lang.Thread.run(Thread.java:662)
	at sun.rmi.transport.StreamRemoteCall.exceptionReceivedFromServer(StreamRemoteCall.java:255)
	at sun.rmi.transport.StreamRemoteCall.executeCall(StreamRemoteCall.java:233)
	at sun.rmi.server.UnicastRef.invoke(UnicastRef.java:359)
	at sun.rmi.registry.RegistryImpl_Stub.lookup(Unknown Source)
	at org.ops4j.pax.exam.rbc.client.intern.RemoteBundleContextClientImpl.getRemoteBundleContext(RemoteBundleContextClientImpl.java:263)
	at org.ops4j.pax.exam.rbc.client.intern.RemoteBundleContextClientImpl.waitForState(RemoteBundleContextClientImpl.java:234)
	at org.apache.karaf.tooling.exam.container.internal.KarafTestContainer.waitForState(KarafTestContainer.java:599)
	at org.apache.karaf.tooling.exam.container.internal.KarafTestContainer.start(KarafTestContainer.java:183)
	at org.ops4j.pax.exam.spi.reactors.AllConfinedStagedReactor.invoke(AllConfinedStagedReactor.java:67)
	at org.ops4j.pax.exam.junit.JUnit4TestRunner$2.evaluate(JUnit4TestRunner.java:285)
	at org.junit.runners.ParentRunner.runLeaf(ParentRunner.java:271)
	at org.junit.runners.BlockJUnit4ClassRunner.runChild(BlockJUnit4ClassRunner.java:70)
	at org.junit.runners.BlockJUnit4ClassRunner.runChild(BlockJUnit4ClassRunner.java:50)
	at org.junit.runners.ParentRunner$3.run(ParentRunner.java:238)
	at org.junit.runners.ParentRunner$1.schedule(ParentRunner.java:63)
	at org.junit.runners.ParentRunner.runChildren(ParentRunner.java:236)
	at org.junit.runners.ParentRunner.access$000(ParentRunner.java:53)
	at org.junit.runners.ParentRunner$2.evaluate(ParentRunner.java:229)
	at org.junit.runners.ParentRunner.run(ParentRunner.java:309)
	at org.ops4j.pax.exam.junit.JUnit4TestRunner.run(JUnit4TestRunner.java:94)
	at org.apache.maven.surefire.junit4.JUnit4Provider.execute(JUnit4Provider.java:264)
	at org.apache.maven.surefire.junit4.JUnit4Provider.executeTestSet(JUnit4Provider.java:153)
	at org.apache.maven.surefire.junit4.JUnit4Provider.invoke(JUnit4Provider.java:124)
	at org.apache.maven.surefire.booter.ForkedBooter.invokeProviderInSameClassLoader(ForkedBooter.java:200)
	at org.apache.maven.surefire.booter.ForkedBooter.runSuitesInProcess(ForkedBooter.java:153)
	at org.apache.maven.surefire.booter.ForkedBooter.main(ForkedBooter.java:103)

