-------------------------------------------------------------------------------
Test set: org.kie.server.integrationtests.KieServerContainerCRUDIntegrationTest
-------------------------------------------------------------------------------
Tests run: 22, Failures: 2, Errors: 0, Skipped: 0, Time elapsed: 2.329 sec <<< FAILURE! - in org.kie.server.integrationtests.KieServerContainerCRUDIntegrationTest
testUpdateReleaseIdForExistingContainer[application/xml](org.kie.server.integrationtests.KieServerContainerCRUDIntegrationTest)  Time elapsed: 0.376 sec  <<< FAILURE!
java.lang.AssertionError: expected:<org.kie.server.testing:container-crud-tests1:2.1.1.GA> but was:<org.kie.server.testing:container-crud-tests1:2.1.0.GA>
	at org.junit.Assert.fail(Assert.java:88)
	at org.junit.Assert.failNotEquals(Assert.java:743)
	at org.junit.Assert.assertEquals(Assert.java:118)
	at org.junit.Assert.assertEquals(Assert.java:144)
	at org.kie.server.integrationtests.KieServerContainerCRUDIntegrationTest.testUpdateReleaseIdForExistingContainer(KieServerContainerCRUDIntegrationTest.java:136)

testUpdateReleaseIdForExistingContainer[application/json](org.kie.server.integrationtests.KieServerContainerCRUDIntegrationTest)  Time elapsed: 0.018 sec  <<< FAILURE!
java.lang.AssertionError: expected:<org.kie.server.testing:container-crud-tests1:2.1.1.GA> but was:<org.kie.server.testing:container-crud-tests1:2.1.0.GA>
	at org.junit.Assert.fail(Assert.java:88)
	at org.junit.Assert.failNotEquals(Assert.java:743)
	at org.junit.Assert.assertEquals(Assert.java:118)
	at org.junit.Assert.assertEquals(Assert.java:144)
	at org.kie.server.integrationtests.KieServerContainerCRUDIntegrationTest.testUpdateReleaseIdForExistingContainer(KieServerContainerCRUDIntegrationTest.java:136)

