-------------------------------------------------------------------------------
Test set: org.kie.camel.component.CamelEndpointWithJaxWrapperCollectionTest
-------------------------------------------------------------------------------
Tests run: 1, Failures: 0, Errors: 1, Skipped: 0, Time elapsed: 0.051 sec <<< FAILURE! - in org.kie.camel.component.CamelEndpointWithJaxWrapperCollectionTest
testWorkingSetGlobalTestSessionSetAndGetGlobal(org.kie.camel.component.CamelEndpointWithJaxWrapperCollectionTest)  Time elapsed: 0.051 sec  <<< ERROR!
java.lang.NullPointerException: null
	at org.drools.compiler.kie.builder.impl.KieMetaInfoBuilder.generateKieModuleMetaInfo(KieMetaInfoBuilder.java:66)
	at org.drools.compiler.kie.builder.impl.KieMetaInfoBuilder.writeKieModuleMetaInfo(KieMetaInfoBuilder.java:39)
	at org.drools.compiler.kie.builder.impl.KieBuilderImpl.buildAll(KieBuilderImpl.java:179)
	at org.kie.camel.component.CamelEndpointWithJaxWrapperCollectionTest.registerKnowledgeRuntime(CamelEndpointWithJaxWrapperCollectionTest.java:157)
	at org.kie.camel.component.CamelEndpointWithJaxWrapperCollectionTest.configureDroolsContext(CamelEndpointWithJaxWrapperCollectionTest.java:128)

