-------------------------------------------------------------------------------
Test set: org.jbpm.runtime.manager.concurrent.SessionTest
-------------------------------------------------------------------------------
Tests run: 9, Failures: 1, Errors: 0, Skipped: 1, Time elapsed: 81.608 sec <<< FAILURE! - in org.jbpm.runtime.manager.concurrent.SessionTest
testSessionPerProcessInstance[0](org.jbpm.runtime.manager.concurrent.SessionTest)  Time elapsed: 60.683 sec  <<< FAILURE!
java.lang.AssertionError: Failure, did not finish in time most likely hanging
	at org.junit.Assert.fail(Assert.java:88)
	at org.jbpm.runtime.manager.concurrent.SessionTest.testSessionPerProcessInstance(SessionTest.java:241)

